<?xml version="1.0" encoding="UTF-8"?>
<testng-results skipped="0" failed="0" ignored="0" total="1" passed="1">
  <reporter-output>
  </reporter-output>
  <suite name="Default suite" duration-ms="78" started-at="2019-07-09T11:35:57Z" finished-at="2019-07-09T11:35:57Z">
    <groups>
    </groups>
    <test name="Default test" duration-ms="78" started-at="2019-07-09T11:35:57Z" finished-at="2019-07-09T11:35:57Z">
      <class name="org.tcs.test.Configr">
        <test-method status="PASS" signature="getUrl()[pri:0, instance:org.tcs.test.Configr@9629756]" name="getUrl" duration-ms="21" started-at="2019-07-09T11:35:57Z" finished-at="2019-07-09T11:35:57Z">
          <reporter-output>
          </reporter-output>
        </test-method> <!-- getUrl -->
      </class> <!-- org.tcs.test.Configr -->
    </test> <!-- Default test -->
  </suite> <!-- Default suite -->
</testng-results>
